#! /opt/homebrew/Cellar/icarus-verilog/12.0/bin/vvp
:ivl_version "12.0 (stable)";
:ivl_delay_selection "TYPICAL";
:vpi_time_precision + 0;
:vpi_module "/opt/homebrew/Cellar/icarus-verilog/12.0/lib/ivl/system.vpi";
:vpi_module "/opt/homebrew/Cellar/icarus-verilog/12.0/lib/ivl/vhdl_sys.vpi";
:vpi_module "/opt/homebrew/Cellar/icarus-verilog/12.0/lib/ivl/vhdl_textio.vpi";
:vpi_module "/opt/homebrew/Cellar/icarus-verilog/12.0/lib/ivl/v2005_math.vpi";
:vpi_module "/opt/homebrew/Cellar/icarus-verilog/12.0/lib/ivl/va_math.vpi";
S_0x120e05d10 .scope module, "P_C" "P_C" 2 1;
 .timescale 0 0;
    .port_info 0 /OUTPUT 32 "pc";
    .port_info 1 /INPUT 32 "pc_next";
    .port_info 2 /INPUT 1 "clk";
    .port_info 3 /INPUT 1 "reset";
o0x118008010 .functor BUFZ 1, C4<z>; HiZ drive
v0x120e05e80_0 .net "clk", 0 0, o0x118008010;  0 drivers
v0x120e15f20_0 .var "pc", 31 0;
o0x118008070 .functor BUFZ 32, C4<zzzzzzzzzzzzzzzzzzzzzzzzzzzzzzzz>; HiZ drive
v0x120e15fc0_0 .net "pc_next", 31 0, o0x118008070;  0 drivers
o0x1180080a0 .functor BUFZ 1, C4<z>; HiZ drive
v0x120e16070_0 .net "reset", 0 0, o0x1180080a0;  0 drivers
E_0x120e05c60 .event posedge, v0x120e05e80_0;
    .scope S_0x120e05d10;
T_0 ;
    %wait E_0x120e05c60;
    %load/vec4 v0x120e16070_0;
    %pad/u 32;
    %cmpi/e 1, 0, 32;
    %jmp/0xz  T_0.0, 4;
    %pushi/vec4 0, 0, 32;
    %assign/vec4 v0x120e15f20_0, 0;
    %jmp T_0.1;
T_0.0 ;
    %load/vec4 v0x120e15fc0_0;
    %assign/vec4 v0x120e15f20_0, 0;
T_0.1 ;
    %jmp T_0;
    .thread T_0;
# The file index is used to find the file name in the following table.
:file_names 3;
    "N/A";
    "<interactive>";
    "./PC.v";
